TN:
SF:src/pokefactory/electricPokemonCreator.ts
FN:18,(anonymous_0)
FN:33,(anonymous_1)
FNF:2
FNH:2
FNDA:3,(anonymous_0)
FNDA:3,(anonymous_1)
DA:1,1
DA:3,1
DA:8,1
DA:19,3
DA:20,3
DA:21,3
DA:22,3
DA:23,3
DA:24,3
DA:26,3
DA:34,3
LF:11
LH:11
BRF:0
BRH:0
end_of_record
TN:
SF:src/pokefactory/firePokemonCreator.ts
FN:18,(anonymous_0)
FN:33,(anonymous_1)
FNF:2
FNH:2
FNDA:3,(anonymous_0)
FNDA:3,(anonymous_1)
DA:1,1
DA:3,1
DA:8,1
DA:19,3
DA:20,3
DA:21,3
DA:22,3
DA:23,3
DA:24,3
DA:26,3
DA:34,3
LF:11
LH:11
BRF:0
BRH:0
end_of_record
TN:
SF:src/pokefactory/grassPokemonCreator.ts
FN:18,(anonymous_0)
FN:33,(anonymous_1)
FNF:2
FNH:2
FNDA:3,(anonymous_0)
FNDA:3,(anonymous_1)
DA:1,1
DA:3,1
DA:8,1
DA:19,3
DA:20,3
DA:21,3
DA:22,3
DA:23,3
DA:24,3
DA:26,3
DA:34,3
LF:11
LH:11
BRF:0
BRH:0
end_of_record
TN:
SF:src/pokefactory/pokemonCreator.ts
FN:4,(anonymous_0)
FN:14,(anonymous_1)
FN:20,(anonymous_2)
FNF:3
FNH:2
FNDA:12,(anonymous_0)
FNDA:4,(anonymous_1)
FNDA:0,(anonymous_2)
DA:3,1
DA:5,12
DA:6,12
DA:7,12
DA:8,12
DA:9,12
DA:10,12
DA:15,4
DA:16,4
DA:17,4
DA:21,0
DA:22,0
DA:23,0
LF:13
LH:10
BRF:0
BRH:0
end_of_record
TN:
SF:src/pokefactory/waterPokemonCreator.ts
FN:18,(anonymous_0)
FN:33,(anonymous_1)
FNF:2
FNH:2
FNDA:3,(anonymous_0)
FNDA:3,(anonymous_1)
DA:1,1
DA:3,1
DA:8,1
DA:19,3
DA:20,3
DA:21,3
DA:22,3
DA:23,3
DA:24,3
DA:26,3
DA:34,3
LF:11
LH:11
BRF:0
BRH:0
end_of_record
TN:
SF:src/pokemons/electricPokemon.ts
FN:7,(anonymous_0)
FNF:1
FNH:1
FNDA:3,(anonymous_0)
DA:1,1
DA:3,1
DA:15,3
DA:16,3
DA:17,3
DA:18,3
LF:6
LH:6
BRF:0
BRH:0
end_of_record
TN:
SF:src/pokemons/firePokemon.ts
FN:7,(anonymous_0)
FNF:1
FNH:1
FNDA:3,(anonymous_0)
DA:1,1
DA:3,1
DA:15,3
DA:16,3
DA:17,3
DA:18,3
LF:6
LH:6
BRF:0
BRH:0
end_of_record
TN:
SF:src/pokemons/grassPokemon.ts
FN:7,(anonymous_0)
FNF:1
FNH:1
FNDA:3,(anonymous_0)
DA:1,1
DA:3,1
DA:15,3
DA:16,3
DA:17,3
DA:18,3
LF:6
LH:6
BRF:0
BRH:0
end_of_record
TN:
SF:src/pokemons/pokemon.ts
FN:13,(anonymous_0)
FN:28,(anonymous_1)
FN:32,(anonymous_2)
FNF:3
FNH:3
FNDA:12,(anonymous_0)
FNDA:4,(anonymous_1)
FNDA:4,(anonymous_2)
DA:3,1
DA:21,12
DA:22,12
DA:23,12
DA:24,12
DA:25,12
DA:26,12
DA:29,4
DA:30,4
DA:33,4
DA:34,4
LF:11
LH:11
BRF:0
BRH:0
end_of_record
TN:
SF:src/pokemons/waterPokemon.ts
FN:7,(anonymous_0)
FNF:1
FNH:1
FNDA:3,(anonymous_0)
DA:1,1
DA:3,1
DA:15,3
DA:16,3
DA:17,3
DA:18,3
LF:6
LH:6
BRF:0
BRH:0
end_of_record
